\BOOKMARK [0][-]{chapter*.7}{\376\377\000L\000i\000s\000t\000a\000\040\000d\000e\000\040\000S\000\355\000m\000b\000o\000l\000o\000s\000\040\000e\000\040\000A\000b\000r\000e\000v\000i\000a\000\347\000\365\000e\000s}{}% 1
\BOOKMARK [0][-]{chapter.1}{\376\377\000I\000n\000t\000r\000o\000d\000u\000\347\000\343\000o}{}% 2
\BOOKMARK [1][-]{section.1.1}{\376\377\000C\000o\000n\000t\000e\000x\000t\000u\000a\000l\000i\000z\000a\000\347\000\343\000o}{chapter.1}% 3
\BOOKMARK [1][-]{section.1.2}{\376\377\000C\000a\000r\000a\000c\000t\000e\000r\000i\000z\000a\000\347\000\343\000o\000\040\000d\000o\000\040\000P\000r\000o\000b\000l\000e\000m\000a}{chapter.1}% 4
\BOOKMARK [2][-]{subsection.1.2.1}{\376\377\000V\000o\000l\000u\000m\000e\000\040\000d\000e\000\040\000D\000a\000d\000o\000s\000\040\000E\000x\000c\000e\000s\000s\000i\000v\000o}{section.1.2}% 5
\BOOKMARK [2][-]{subsection.1.2.2}{\376\377\000C\000o\000m\000p\000l\000e\000x\000i\000d\000a\000d\000e\000\040\000C\000o\000m\000p\000u\000t\000a\000c\000i\000o\000n\000a\000l}{section.1.2}% 6
\BOOKMARK [2][-]{subsection.1.2.3}{\376\377\000R\000e\000s\000t\000r\000i\000\347\000\365\000e\000s\000\040\000E\000n\000e\000r\000g\000\351\000t\000i\000c\000a\000s}{section.1.2}% 7
\BOOKMARK [1][-]{section.1.3}{\376\377\000L\000a\000c\000u\000n\000a\000s\000\040\000n\000a\000\040\000L\000i\000t\000e\000r\000a\000t\000u\000r\000a}{chapter.1}% 8
\BOOKMARK [1][-]{section.1.4}{\376\377\000E\000s\000c\000o\000p\000o\000\040\000d\000a\000\040\000P\000e\000s\000q\000u\000i\000s\000a\000:\000\040\000E\000s\000t\000r\000u\000t\000u\000r\000a\000\347\000\343\000o\000\040\000e\000m\000\040\000D\000u\000a\000s\000\040\000E\000t\000a\000p\000a\000s}{chapter.1}% 9
\BOOKMARK [2][-]{subsection.1.4.1}{\376\377\000E\000t\000a\000p\000a\000\040\0001\000:\000\040\000V\000a\000l\000i\000d\000a\000\347\000\343\000o\000\040\000d\000e\000\040\000M\000e\000t\000o\000d\000o\000l\000o\000g\000i\000a\000s\000\040\000\050\000M\000e\000s\000t\000r\000a\000d\000o\000\040\000-\000\040\0002\0000\0002\0005\000\051}{section.1.4}% 10
\BOOKMARK [2][-]{subsection.1.4.2}{\376\377\000E\000t\000a\000p\000a\000\040\0002\000:\000\040\000A\000r\000q\000u\000i\000t\000e\000t\000u\000r\000a\000\040\000O\000t\000i\000m\000i\000z\000a\000d\000a\000\040\000\050\000D\000o\000u\000t\000o\000r\000a\000d\000o\000\040\000-\000\040\0002\0000\0002\0006\000-\0002\0000\0002\0009\000\051}{section.1.4}% 11
\BOOKMARK [1][-]{section.1.5}{\376\377\000O\000b\000j\000e\000t\000i\000v\000o\000s\000\040\000E\000s\000p\000e\000c\000\355\000f\000i\000c\000o\000s\000\040\000d\000a\000\040\000E\000t\000a\000p\000a\000\040\0001\000\040\000\050\000M\000e\000s\000t\000r\000a\000d\000o\000\051}{chapter.1}% 12
\BOOKMARK [1][-]{section.1.6}{\376\377\000H\000i\000p\000\363\000t\000e\000s\000e\000s\000\040\000d\000e\000\040\000P\000e\000s\000q\000u\000i\000s\000a\000\040\000d\000a\000\040\000E\000t\000a\000p\000a\000\040\0001}{chapter.1}% 13
\BOOKMARK [1][-]{section.1.7}{\376\377\000C\000o\000n\000t\000r\000i\000b\000u\000i\000\347\000\365\000e\000s\000\040\000E\000s\000p\000e\000r\000a\000d\000a\000s\000\040\000d\000a\000\040\000E\000t\000a\000p\000a\000\040\0001}{chapter.1}% 14
\BOOKMARK [2][-]{subsection.1.7.1}{\376\377\000C\000o\000n\000t\000r\000i\000b\000u\000i\000\347\000\365\000e\000s\000\040\000M\000e\000t\000o\000d\000o\000l\000\363\000g\000i\000c\000a\000s}{section.1.7}% 15
\BOOKMARK [2][-]{subsection.1.7.2}{\376\377\000C\000o\000n\000t\000r\000i\000b\000u\000i\000\347\000\365\000e\000s\000\040\000E\000x\000p\000e\000r\000i\000m\000e\000n\000t\000a\000i\000s}{section.1.7}% 16
\BOOKMARK [1][-]{section.1.8}{\376\377\000M\000e\000t\000o\000d\000o\000l\000o\000g\000i\000a\000\040\000G\000e\000r\000a\000l\000\040\000d\000a\000\040\000E\000t\000a\000p\000a\000\040\0001}{chapter.1}% 17
\BOOKMARK [1][-]{section.1.9}{\376\377\000E\000s\000t\000r\000u\000t\000u\000r\000a\000\040\000d\000a\000\040\000D\000i\000s\000s\000e\000r\000t\000a\000\347\000\343\000o}{chapter.1}% 18
\BOOKMARK [0][-]{chapter.2}{\376\377\000E\000s\000t\000a\000d\000o\000\040\000d\000a\000\040\000A\000r\000t\000e\000\040\000e\000\040\000A\000n\000\341\000l\000i\000s\000e\000\040\000d\000e\000\040\000T\000\351\000c\000n\000i\000c\000a\000s}{}% 19
\BOOKMARK [1][-]{section.2.1}{\376\377\000V\000i\000s\000\343\000o\000\040\000G\000e\000r\000a\000l\000\040\000d\000o\000\040\000E\000s\000t\000a\000d\000o\000\040\000d\000a\000\040\000A\000r\000t\000e}{chapter.2}% 20
\BOOKMARK [2][-]{subsection.2.1.1}{\376\377\000C\000a\000t\000e\000g\000o\000r\000i\000z\000a\000\347\000\343\000o\000\040\000d\000o\000s\000\040\000T\000r\000a\000b\000a\000l\000h\000o\000s\000\040\000A\000n\000a\000l\000i\000s\000a\000d\000o\000s}{section.2.1}% 21
\BOOKMARK [1][-]{section.2.2}{\376\377\000T\000r\000a\000b\000a\000l\000h\000o\000s\000\040\000d\000e\000\040\000M\000u\000i\000t\000o\000\040\000A\000l\000t\000a\000\040\000R\000e\000l\000e\000v\000\342\000n\000c\000i\000a}{chapter.2}% 22
\BOOKMARK [2][-]{subsection.2.2.1}{\376\377\000C\000o\000m\000p\000r\000e\000s\000s\000i\000v\000e\000\040\000S\000e\000n\000s\000i\000n\000g\000\040\000H\000i\000p\000e\000r\000e\000s\000p\000e\000c\000t\000r\000a\000l\000\040\000E\000m\000b\000a\000r\000c\000a\000d\000o}{section.2.2}% 23
\BOOKMARK [2][-]{subsection.2.2.2}{\376\377\000C\000o\000d\000e\000s\000i\000g\000n\000\040\000H\000W\000/\000S\000W\000\040\000p\000a\000r\000a\000\040\000C\000o\000m\000p\000r\000e\000s\000s\000\343\000o\000\040\000L\000o\000s\000s\000l\000e\000s\000s}{section.2.2}% 24
\BOOKMARK [2][-]{subsection.2.2.3}{\376\377\000C\000o\000m\000p\000r\000e\000s\000s\000\343\000o\000\040\000R\000e\000a\000l\000-\000T\000i\000m\000e\000\040\000e\000m\000\040\000G\000P\000U\000s\000\040\000E\000m\000b\000a\000r\000c\000a\000d\000a\000s}{section.2.2}% 25
\BOOKMARK [2][-]{subsection.2.2.4}{\376\377\000A\000c\000e\000l\000e\000r\000a\000d\000o\000r\000\040\000S\000V\000M\000\040\000H\000a\000r\000d\000w\000a\000r\000e\000\040\000p\000a\000r\000a\000\040\000C\000l\000a\000s\000s\000i\000f\000i\000c\000a\000\347\000\343\000o}{section.2.2}% 26
\BOOKMARK [1][-]{section.2.3}{\376\377\000T\000r\000a\000b\000a\000l\000h\000o\000s\000\040\000d\000e\000\040\000A\000l\000t\000a\000\040\000R\000e\000l\000e\000v\000\342\000n\000c\000i\000a}{chapter.2}% 27
\BOOKMARK [2][-]{subsection.2.3.1}{\376\377\000R\000e\000v\000i\000s\000\365\000e\000s\000\040\000S\000i\000s\000t\000e\000m\000\341\000t\000i\000c\000a\000s\000\040\000e\000\040\000E\000s\000t\000a\000d\000o\000\040\000d\000a\000\040\000A\000r\000t\000e}{section.2.3}% 28
\BOOKMARK [2][-]{subsection.2.3.2}{\376\377\000A\000r\000q\000u\000i\000t\000e\000t\000u\000r\000a\000s\000\040\000U\000l\000t\000r\000a\000-\000E\000f\000i\000c\000i\000e\000n\000t\000e\000s}{section.2.3}% 29
\BOOKMARK [2][-]{subsection.2.3.3}{\376\377\000B\000e\000n\000c\000h\000m\000a\000r\000k\000s\000\040\000e\000m\000\040\000P\000l\000a\000t\000a\000f\000o\000r\000m\000a\000s\000\040\000E\000m\000b\000a\000r\000c\000a\000d\000a\000s}{section.2.3}% 30
\BOOKMARK [1][-]{section.2.4}{\376\377\000T\000\351\000c\000n\000i\000c\000a\000s\000\040\000d\000e\000\040\000O\000t\000i\000m\000i\000z\000a\000\347\000\343\000o\000\040\000I\000d\000e\000n\000t\000i\000f\000i\000c\000a\000d\000a\000s}{chapter.2}% 31
\BOOKMARK [2][-]{subsection.2.4.1}{\376\377\000E\000s\000t\000r\000a\000t\000\351\000g\000i\000a\000s\000\040\000d\000e\000\040\000R\000e\000d\000u\000\347\000\343\000o\000\040\000d\000e\000\040\000C\000o\000n\000s\000u\000m\000o\000\040\000E\000n\000e\000r\000g\000\351\000t\000i\000c\000o}{section.2.4}% 32
\BOOKMARK [2][-]{subsection.2.4.2}{\376\377\000E\000s\000t\000r\000a\000t\000\351\000g\000i\000a\000s\000\040\000d\000e\000\040\000R\000e\000d\000u\000\347\000\343\000o\000\040\000d\000e\000\040\000L\000a\000t\000\352\000n\000c\000i\000a}{section.2.4}% 33
\BOOKMARK [1][-]{section.2.5}{\376\377\000G\000a\000p\000s\000\040\000e\000\040\000O\000p\000o\000r\000t\000u\000n\000i\000d\000a\000d\000e\000s\000\040\000n\000a\000\040\000L\000i\000t\000e\000r\000a\000t\000u\000r\000a}{chapter.2}% 34
\BOOKMARK [2][-]{subsection.2.5.1}{\376\377\000A\000u\000s\000\352\000n\000c\000i\000a\000\040\000d\000e\000\040\000F\000r\000a\000m\000e\000w\000o\000r\000k\000s\000\040\000I\000n\000t\000e\000g\000r\000a\000d\000o\000s}{section.2.5}% 35
\BOOKMARK [2][-]{subsection.2.5.2}{\376\377\000L\000i\000m\000i\000t\000a\000\347\000\365\000e\000s\000\040\000e\000m\000\040\000V\000a\000l\000i\000d\000a\000\347\000\343\000o\000\040\000P\000r\000\341\000t\000i\000c\000a}{section.2.5}% 36
\BOOKMARK [2][-]{subsection.2.5.3}{\376\377\000T\000r\000a\000d\000e\000-\000o\000f\000f\000s\000\040\000N\000\343\000o\000\040\000Q\000u\000a\000n\000t\000i\000f\000i\000c\000a\000d\000o\000s}{section.2.5}% 37
\BOOKMARK [2][-]{subsection.2.5.4}{\376\377\000M\000e\000t\000o\000d\000o\000l\000o\000g\000i\000a\000s\000\040\000d\000e\000\040\000C\000o\000d\000e\000s\000i\000g\000n\000\040\000L\000i\000m\000i\000t\000a\000d\000a\000s}{section.2.5}% 38
\BOOKMARK [1][-]{section.2.6}{\376\377\000B\000e\000n\000c\000h\000m\000a\000r\000k\000s\000\040\000e\000\040\000M\000\351\000t\000r\000i\000c\000a\000s\000\040\000d\000e\000\040\000R\000e\000f\000e\000r\000\352\000n\000c\000i\000a}{chapter.2}% 39
\BOOKMARK [2][-]{subsection.2.6.1}{\376\377\000P\000e\000r\000f\000o\000r\000m\000a\000n\000c\000e\000\040\000E\000s\000t\000a\000b\000e\000l\000e\000c\000i\000d\000a}{section.2.6}% 40
\BOOKMARK [2][-]{subsection.2.6.2}{\376\377\000D\000a\000t\000a\000s\000e\000t\000s\000\040\000d\000e\000\040\000V\000a\000l\000i\000d\000a\000\347\000\343\000o}{section.2.6}% 41
\BOOKMARK [1][-]{section.2.7}{\376\377\000S\000\355\000n\000t\000e\000s\000e\000\040\000e\000\040\000D\000i\000r\000e\000c\000i\000o\000n\000a\000m\000e\000n\000t\000o\000s}{chapter.2}% 42
\BOOKMARK [0][-]{chapter.3}{\376\377\000M\000e\000t\000o\000d\000o\000l\000o\000g\000i\000a\000\040\000d\000e\000\040\000V\000a\000l\000i\000d\000a\000\347\000\343\000o}{}% 43
\BOOKMARK [1][-]{section.3.1}{\376\377\000V\000i\000s\000\343\000o\000\040\000G\000e\000r\000a\000l\000\040\000d\000a\000\040\000M\000e\000t\000o\000d\000o\000l\000o\000g\000i\000a\000\040\000d\000e\000\040\000V\000a\000l\000i\000d\000a\000\347\000\343\000o}{chapter.3}% 44
\BOOKMARK [1][-]{section.3.2}{\376\377\000F\000r\000a\000m\000e\000w\000o\000r\000k\000\040\000A\000r\000q\000u\000i\000t\000e\000t\000u\000r\000a\000l\000\040\000C\000o\000n\000c\000e\000i\000t\000u\000a\000l}{chapter.3}% 45
\BOOKMARK [2][-]{subsection.3.2.1}{\376\377\000M\000o\000d\000e\000l\000o\000\040\000d\000e\000\040\000S\000i\000s\000t\000e\000m\000a\000\040\000H\000e\000t\000e\000r\000o\000g\000\352\000n\000e\000o}{section.3.2}% 46
\BOOKMARK [2][-]{subsection.3.2.2}{\376\377\000P\000l\000a\000t\000a\000f\000o\000r\000m\000a\000\040\000d\000e\000\040\000R\000e\000f\000e\000r\000\352\000n\000c\000i\000a\000\040\000p\000a\000r\000a\000\040\000M\000o\000d\000e\000l\000a\000g\000e\000m}{section.3.2}% 47
\BOOKMARK [2][-]{subsection.3.2.3}{\376\377\000E\000s\000t\000u\000d\000o\000\040\000d\000e\000\040\000C\000a\000s\000o\000\040\000I\000n\000d\000u\000s\000t\000r\000i\000a\000l\000:\000\040\000S\000i\000g\000h\000t\000L\000i\000n\000e\000\040\000A\000p\000p\000l\000i\000c\000a\000t\000i\000o\000n\000s}{section.3.2}% 48
\BOOKMARK [1][-]{section.3.3}{\376\377\000F\000a\000s\000e\000\040\0001\000:\000\040\000A\000n\000\341\000l\000i\000s\000e\000\040\000S\000i\000s\000t\000e\000m\000\341\000t\000i\000c\000a\000\040\000d\000o\000\040\000E\000s\000t\000a\000d\000o\000\040\000d\000a\000\040\000A\000r\000t\000e\000\040\000\050\0002\000\040\000m\000e\000s\000e\000s\000\051}{chapter.3}% 49
\BOOKMARK [2][-]{subsection.3.3.1}{\376\377\000C\000a\000t\000a\000l\000o\000g\000a\000\347\000\343\000o\000\040\000d\000e\000\040\000T\000\351\000c\000n\000i\000c\000a\000s\000\040\000C\000o\000m\000p\000r\000o\000v\000a\000d\000a\000s}{section.3.3}% 50
\BOOKMARK [2][-]{subsection.3.3.2}{\376\377\000E\000s\000t\000a\000b\000e\000l\000e\000c\000i\000m\000e\000n\000t\000o\000\040\000d\000e\000\040\000B\000a\000s\000e\000l\000i\000n\000e\000s}{section.3.3}% 51
\BOOKMARK [1][-]{section.3.4}{\376\377\000F\000a\000s\000e\000\040\0002\000:\000\040\000M\000o\000d\000e\000l\000a\000g\000e\000m\000\040\000e\000\040\000S\000i\000m\000u\000l\000a\000\347\000\343\000o\000\040\000C\000o\000n\000c\000e\000i\000t\000u\000a\000l\000\040\000\050\0003\000\040\000m\000e\000s\000e\000s\000\051}{chapter.3}% 52
\BOOKMARK [2][-]{subsection.3.4.1}{\376\377\000M\000o\000d\000e\000l\000a\000g\000e\000m\000\040\000T\000e\000\363\000r\000i\000c\000a\000\040\000d\000a\000s\000\040\000T\000\351\000c\000n\000i\000c\000a\000s}{section.3.4}% 53
\BOOKMARK [2][-]{subsection.3.4.2}{\376\377\000A\000n\000\341\000l\000i\000s\000e\000\040\000d\000e\000\040\000S\000e\000n\000s\000i\000b\000i\000l\000i\000d\000a\000d\000e}{section.3.4}% 54
\BOOKMARK [1][-]{section.3.5}{\376\377\000F\000a\000s\000e\000\040\0003\000:\000\040\000P\000r\000o\000t\000\363\000t\000i\000p\000o\000s\000\040\000d\000e\000\040\000P\000r\000o\000v\000a\000\040\000d\000e\000\040\000C\000o\000n\000c\000e\000i\000t\000o\000\040\000\050\0003\000\040\000m\000e\000s\000e\000s\000\051}{chapter.3}% 55
\BOOKMARK [2][-]{subsection.3.5.1}{\376\377\000I\000m\000p\000l\000e\000m\000e\000n\000t\000a\000\347\000\343\000o\000\040\000d\000e\000\040\000P\000r\000o\000t\000\363\000t\000i\000p\000o\000s\000\040\000S\000i\000m\000p\000l\000i\000f\000i\000c\000a\000d\000o\000s}{section.3.5}% 56
\BOOKMARK [2][-]{subsection.3.5.2}{\376\377\000V\000a\000l\000i\000d\000a\000\347\000\343\000o\000\040\000E\000x\000p\000e\000r\000i\000m\000e\000n\000t\000a\000l}{section.3.5}% 57
\BOOKMARK [1][-]{section.3.6}{\376\377\000F\000a\000s\000e\000\040\0004\000:\000\040\000F\000r\000a\000m\000e\000w\000o\000r\000k\000\040\000A\000r\000q\000u\000i\000t\000e\000t\000u\000r\000a\000l\000\040\000e\000\040\000D\000i\000r\000e\000t\000r\000i\000z\000e\000s\000\040\000\050\0002\000\040\000m\000e\000s\000e\000s\000\051}{chapter.3}% 58
\BOOKMARK [2][-]{subsection.3.6.1}{\376\377\000C\000o\000n\000s\000o\000l\000i\000d\000a\000\347\000\343\000o\000\040\000d\000o\000s\000\040\000R\000e\000s\000u\000l\000t\000a\000d\000o\000s}{section.3.6}% 59
\BOOKMARK [2][-]{subsection.3.6.2}{\376\377\000D\000i\000r\000e\000t\000r\000i\000z\000e\000s\000\040\000p\000a\000r\000a\000\040\000a\000\040\000E\000t\000a\000p\000a\000\040\0002}{section.3.6}% 60
\BOOKMARK [1][-]{section.3.7}{\376\377\000C\000r\000o\000n\000o\000g\000r\000a\000m\000a\000\040\000d\000e\000\040\000E\000x\000e\000c\000u\000\347\000\343\000o}{chapter.3}% 61
\BOOKMARK [2][-]{subsection.3.7.1}{\376\377\000V\000i\000s\000\343\000o\000\040\000G\000e\000r\000a\000l\000\040\000d\000o\000\040\000C\000r\000o\000n\000o\000g\000r\000a\000m\000a}{section.3.7}% 62
\BOOKMARK [2][-]{subsection.3.7.2}{\376\377\000E\000t\000a\000p\000a\000\040\0001\000:\000\040\000F\000u\000n\000d\000a\000m\000e\000n\000t\000a\000\347\000\343\000o\000\040\000T\000e\000\363\000r\000i\000c\000a\000\040\000e\000\040\000E\000s\000t\000a\000d\000o\000\040\000d\000a\000\040\000A\000r\000t\000e\000\040\000\050\000A\000g\000o\000s\000t\000o\000\040\0002\0000\0002\0005\000\040\000-\000\040\000J\000a\000n\000e\000i\000r\000o\000\040\0002\0000\0002\0006\000\051}{section.3.7}% 63
\BOOKMARK [2][-]{subsection.3.7.3}{\376\377\000E\000t\000a\000p\000a\000\040\0002\000:\000\040\000D\000e\000s\000e\000n\000v\000o\000l\000v\000i\000m\000e\000n\000t\000o\000\040\000E\000x\000p\000e\000r\000i\000m\000e\000n\000t\000a\000l\000\040\000e\000\040\000V\000a\000l\000i\000d\000a\000\347\000\343\000o\000\040\000\050\000J\000a\000n\000e\000i\000r\000o\000\040\000-\000\040\000M\000a\000i\000o\000\040\0002\0000\0002\0006\000\051}{section.3.7}% 64
\BOOKMARK [2][-]{subsection.3.7.4}{\376\377\000E\000t\000a\000p\000a\000\040\0003\000:\000\040\000A\000n\000\341\000l\000i\000s\000e\000\040\000d\000e\000\040\000R\000e\000s\000u\000l\000t\000a\000d\000o\000s\000\040\000e\000\040\000R\000e\000d\000a\000\347\000\343\000o\000\040\000\050\000M\000a\000i\000o\000\040\000-\000\040\000A\000g\000o\000s\000t\000o\000\040\0002\0000\0002\0006\000\051}{section.3.7}% 65
\BOOKMARK [2][-]{subsection.3.7.5}{\376\377\000E\000t\000a\000p\000a\000\040\0004\000:\000\040\000F\000i\000n\000a\000l\000i\000z\000a\000\347\000\343\000o\000\040\000e\000\040\000P\000r\000e\000p\000a\000r\000a\000\347\000\343\000o\000\040\000p\000a\000r\000a\000\040\000D\000e\000f\000e\000s\000a\000\040\000\050\000A\000g\000o\000s\000t\000o\000\040\000-\000\040\000S\000e\000t\000e\000m\000b\000r\000o\000\040\0002\0000\0002\0006\000\051}{section.3.7}% 66
\BOOKMARK [2][-]{subsection.3.7.6}{\376\377\000M\000i\000l\000e\000s\000t\000o\000n\000e\000s\000\040\000P\000r\000i\000n\000c\000i\000p\000a\000i\000s}{section.3.7}% 67
\BOOKMARK [2][-]{subsection.3.7.7}{\376\377\000C\000o\000n\000t\000r\000o\000l\000e\000\040\000e\000\040\000A\000c\000o\000m\000p\000a\000n\000h\000a\000m\000e\000n\000t\000o}{section.3.7}% 68
\BOOKMARK [1][-]{section.3.8}{\376\377\000M\000e\000t\000o\000d\000o\000l\000o\000g\000i\000a\000\040\000d\000e\000\040\000A\000n\000\341\000l\000i\000s\000e\000\040\000d\000o\000s\000\040\000R\000e\000s\000u\000l\000t\000a\000d\000o\000s}{chapter.3}% 69
\BOOKMARK [2][-]{subsection.3.8.1}{\376\377\000A\000n\000\341\000l\000i\000s\000e\000\040\000E\000s\000t\000a\000t\000\355\000s\000t\000i\000c\000a}{section.3.8}% 70
\BOOKMARK [2][-]{subsection.3.8.2}{\376\377\000C\000o\000m\000p\000a\000r\000a\000\347\000\343\000o\000\040\000c\000o\000m\000\040\000E\000s\000t\000a\000d\000o\000\040\000d\000a\000\040\000A\000r\000t\000e}{section.3.8}% 71
\BOOKMARK [0][-]{chapter.4}{\376\377\000V\000a\000l\000i\000d\000a\000\347\000\343\000o\000\040\000E\000x\000p\000e\000r\000i\000m\000e\000n\000t\000a\000l\000\040\000e\000\040\000R\000e\000s\000u\000l\000t\000a\000d\000o\000s}{}% 72
\BOOKMARK [1][-]{section.4.1}{\376\377\000R\000e\000s\000u\000l\000t\000a\000d\000o\000s\000\040\000E\000x\000p\000e\000r\000i\000m\000e\000n\000t\000a\000i\000s}{chapter.4}% 73
\BOOKMARK [2][-]{subsection.4.1.1}{\376\377\000P\000e\000r\000f\000o\000r\000m\000a\000n\000c\000e\000\040\000d\000o\000\040\000S\000i\000s\000t\000e\000m\000a}{section.4.1}% 74
\BOOKMARK [2][-]{subsection.4.1.2}{\376\377\000E\000f\000i\000c\000i\000\352\000n\000c\000i\000a\000\040\000E\000n\000e\000r\000g\000\351\000t\000i\000c\000a}{section.4.1}% 75
\BOOKMARK [2][-]{subsection.4.1.3}{\376\377\000P\000r\000e\000c\000i\000s\000\343\000o\000\040\000d\000e\000\040\000C\000l\000a\000s\000s\000i\000f\000i\000c\000a\000\347\000\343\000o}{section.4.1}% 76
\BOOKMARK [1][-]{section.4.2}{\376\377\000A\000n\000\341\000l\000i\000s\000e\000\040\000C\000o\000m\000p\000a\000r\000a\000t\000i\000v\000a}{chapter.4}% 77
\BOOKMARK [2][-]{subsection.4.2.1}{\376\377\000C\000o\000m\000p\000a\000r\000a\000\347\000\343\000o\000\040\000c\000o\000m\000\040\000L\000i\000t\000e\000r\000a\000t\000u\000r\000a}{section.4.2}% 78
\BOOKMARK [2][-]{subsection.4.2.2}{\376\377\000V\000a\000l\000i\000d\000a\000\347\000\343\000o\000\040\000d\000a\000s\000\040\000H\000i\000p\000\363\000t\000e\000s\000e\000s}{section.4.2}% 79
\BOOKMARK [1][-]{section.4.3}{\376\377\000A\000p\000l\000i\000c\000a\000\347\000\365\000e\000s\000\040\000P\000r\000\341\000t\000i\000c\000a\000s}{chapter.4}% 80
\BOOKMARK [2][-]{subsection.4.3.1}{\376\377\000A\000g\000r\000i\000c\000u\000l\000t\000u\000r\000a\000\040\000d\000e\000\040\000P\000r\000e\000c\000i\000s\000\343\000o}{section.4.3}% 81
\BOOKMARK [2][-]{subsection.4.3.2}{\376\377\000M\000o\000n\000i\000t\000o\000r\000a\000m\000e\000n\000t\000o\000\040\000A\000m\000b\000i\000e\000n\000t\000a\000l}{section.4.3}% 82
\BOOKMARK [0][-]{chapter.5}{\376\377\000C\000o\000n\000c\000l\000u\000s\000\365\000e\000s\000\040\000e\000\040\000C\000o\000n\000t\000i\000n\000u\000i\000d\000a\000d\000e}{}% 83
\BOOKMARK [1][-]{section.5.1}{\376\377\000C\000o\000n\000c\000l\000u\000s\000\365\000e\000s\000\040\000P\000r\000i\000n\000c\000i\000p\000a\000i\000s}{chapter.5}% 84
\BOOKMARK [2][-]{subsection.5.1.1}{\376\377\000O\000b\000j\000e\000t\000i\000v\000o\000s\000\040\000A\000t\000i\000n\000g\000i\000d\000o\000s}{section.5.1}% 85
\BOOKMARK [2][-]{subsection.5.1.2}{\376\377\000H\000i\000p\000\363\000t\000e\000s\000e\000s\000\040\000V\000a\000l\000i\000d\000a\000d\000a\000s}{section.5.1}% 86
\BOOKMARK [1][-]{section.5.2}{\376\377\000C\000o\000n\000t\000r\000i\000b\000u\000i\000\347\000\365\000e\000s\000\040\000d\000a\000\040\000P\000e\000s\000q\000u\000i\000s\000a}{chapter.5}% 87
\BOOKMARK [2][-]{subsection.5.2.1}{\376\377\000C\000o\000n\000t\000r\000i\000b\000u\000i\000\347\000\365\000e\000s\000\040\000T\000\351\000c\000n\000i\000c\000a\000s}{section.5.2}% 88
\BOOKMARK [2][-]{subsection.5.2.2}{\376\377\000C\000o\000n\000t\000r\000i\000b\000u\000i\000\347\000\365\000e\000s\000\040\000C\000i\000e\000n\000t\000\355\000f\000i\000c\000a\000s}{section.5.2}% 89
\BOOKMARK [1][-]{section.5.3}{\376\377\000T\000r\000a\000b\000a\000l\000h\000o\000s\000\040\000F\000u\000t\000u\000r\000o\000s\000:\000\040\000C\000o\000n\000t\000i\000n\000u\000i\000d\000a\000d\000e\000\040\000n\000a\000\040\000E\000t\000a\000p\000a\000\040\0002\000\040\000\050\000D\000o\000u\000t\000o\000r\000a\000d\000o\000\051}{chapter.5}% 90
\BOOKMARK [2][-]{subsection.5.3.1}{\376\377\000E\000t\000a\000p\000a\000\040\0002\000:\000\040\000A\000r\000q\000u\000i\000t\000e\000t\000u\000r\000a\000\040\000O\000t\000i\000m\000i\000z\000a\000d\000a\000\040\000I\000n\000t\000e\000g\000r\000a\000d\000a\000\040\000\050\0002\0000\0002\0006\000-\0002\0000\0002\0009\000\051}{section.5.3}% 91
\BOOKMARK [2][-]{subsection.5.3.2}{\376\377\000O\000b\000j\000e\000t\000i\000v\000o\000s\000\040\000Q\000u\000a\000n\000t\000i\000t\000a\000t\000i\000v\000o\000s\000\040\000d\000a\000\040\000E\000t\000a\000p\000a\000\040\0002}{section.5.3}% 92
\BOOKMARK [2][-]{subsection.5.3.3}{\376\377\000I\000m\000p\000a\000c\000t\000o\000\040\000C\000i\000e\000n\000t\000\355\000f\000i\000c\000o\000\040\000e\000\040\000T\000e\000c\000n\000o\000l\000\363\000g\000i\000c\000o\000\040\000E\000s\000p\000e\000r\000a\000d\000o}{section.5.3}% 93
\BOOKMARK [2][-]{subsection.5.3.4}{\376\377\000P\000e\000s\000q\000u\000i\000s\000a\000s\000\040\000d\000e\000\040\000L\000o\000n\000g\000o\000\040\000P\000r\000a\000z\000o\000\040\000\050\000P\000\363\000s\000-\000D\000o\000u\000t\000o\000r\000a\000d\000o\000\051}{section.5.3}% 94
\BOOKMARK [1][-]{section.5.4}{\376\377\000C\000o\000n\000s\000i\000d\000e\000r\000a\000\347\000\365\000e\000s\000\040\000F\000i\000n\000a\000i\000s}{chapter.5}% 95
\BOOKMARK [0][-]{appendix.A}{\376\377\000E\000s\000p\000e\000c\000i\000f\000i\000c\000a\000\347\000\365\000e\000s\000\040\000T\000\351\000c\000n\000i\000c\000a\000s\000\040\000d\000a\000\040\000P\000l\000a\000t\000a\000f\000o\000r\000m\000a}{}% 96
\BOOKMARK [1][-]{section.A.1}{\376\377\000H\000a\000r\000d\000w\000a\000r\000e\000\040\000U\000t\000i\000l\000i\000z\000a\000d\000o}{appendix.A}% 97
\BOOKMARK [1][-]{section.A.2}{\376\377\000S\000o\000f\000t\000w\000a\000r\000e\000\040\000e\000\040\000F\000e\000r\000r\000a\000m\000e\000n\000t\000a\000s}{appendix.A}% 98
\BOOKMARK [0][-]{appendix.B}{\376\377\000D\000a\000t\000a\000s\000e\000t\000s\000\040\000U\000t\000i\000l\000i\000z\000a\000d\000o\000s}{}% 99
\BOOKMARK [1][-]{section.B.1}{\376\377\000A\000V\000I\000R\000I\000S\000\040\000I\000n\000d\000i\000a\000n\000\040\000P\000i\000n\000e\000s}{appendix.B}% 100
\BOOKMARK [1][-]{section.B.2}{\376\377\000P\000a\000v\000i\000a\000\040\000U\000n\000i\000v\000e\000r\000s\000i\000t\000y}{appendix.B}% 101
\BOOKMARK [1][-]{section.B.3}{\376\377\000S\000a\000l\000i\000n\000a\000s\000\040\000V\000a\000l\000l\000e\000y}{appendix.B}% 102
\BOOKMARK [0][-]{appendix.C}{\376\377\000C\000\363\000d\000i\000g\000o\000s\000\040\000e\000\040\000I\000m\000p\000l\000e\000m\000e\000n\000t\000a\000\347\000\365\000e\000s}{}% 103
\BOOKMARK [1][-]{section.C.1}{\376\377\000S\000c\000r\000i\000p\000t\000s\000\040\000d\000e\000\040\000C\000o\000m\000p\000i\000l\000a\000\347\000\343\000o}{appendix.C}% 104
\BOOKMARK [1][-]{section.C.2}{\376\377\000P\000a\000r\000\342\000m\000e\000t\000r\000o\000s\000\040\000d\000e\000\040\000C\000o\000n\000f\000i\000g\000u\000r\000a\000\347\000\343\000o}{appendix.C}% 105
\BOOKMARK [0][-]{appendix.D}{\376\377\000R\000e\000s\000u\000l\000t\000a\000d\000o\000s\000\040\000C\000o\000m\000p\000l\000e\000m\000e\000n\000t\000a\000r\000e\000s}{}% 106
\BOOKMARK [1][-]{section.D.1}{\376\377\000A\000n\000\341\000l\000i\000s\000e\000s\000\040\000E\000s\000t\000a\000t\000\355\000s\000t\000i\000c\000a\000s}{appendix.D}% 107
\BOOKMARK [1][-]{section.D.2}{\376\377\000D\000a\000d\000o\000s\000\040\000d\000e\000\040\000P\000e\000r\000f\000o\000r\000m\000a\000n\000c\000e}{appendix.D}% 108
